
*** Running vivado
    with args -log alarm_main.vds -m64 -product Vivado -mode batch -messageDb vivado.pb -notrace -source alarm_main.tcl


ECHO is off.
ECHO is off.

****** Vivado v2023.2 (64-bit)
  **** SW Build 4029153 on Fri Oct 13 20:14:34 MDT 2023
  **** IP Build 4028589 on Sat Oct 14 00:45:43 MDT 2023
  **** SharedData Build 4025554 on Tue Oct 10 17:18:54 MDT 2023
    ** Copyright 1986-2022 Xilinx, Inc. All Rights Reserved.
    ** Copyright 2022-2023 Advanced Micro Devices, Inc. All Rights Reserved.

source alarm_main.tcl -notrace
Command: read_checkpoint -auto_incremental -incremental C:/VivadoProjects/EEE_102_Project_Final_Demo/project_1/project_1.srcs/utils_1/imports/synth_1/alarm_main.dcp
INFO: [Vivado 12-5825] Read reference checkpoint from C:/VivadoProjects/EEE_102_Project_Final_Demo/project_1/project_1.srcs/utils_1/imports/synth_1/alarm_main.dcp for incremental synthesis
INFO: [Vivado 12-7989] Please ensure there are no constraint changes
Command: synth_design -top alarm_main -part xc7a35tcpg236-1
Starting synth_design
Attempting to get a license for feature 'Synthesis' and/or device 'xc7a35t'
INFO: [Common 17-349] Got license for feature 'Synthesis' and/or device 'xc7a35t'
INFO: [Device 21-403] Loading part xc7a35tcpg236-1
INFO: [Designutils 20-5440] No compile time benefit to using incremental synthesis; A full resynthesis will be run
INFO: [Designutils 20-4379] Flow is switching to default flow due to incremental criteria not met. If you would like to alter this behaviour and have the flow terminate instead, please set the following parameter config_implementation {autoIncr.Synth.RejectBehavior Terminate}
INFO: [Synth 8-7079] Multithreading enabled for synth_design using a maximum of 2 processes.
INFO: [Synth 8-7078] Launching helper process for spawning children vivado processes
INFO: [Synth 8-7075] Helper process launched with PID 6520
---------------------------------------------------------------------------------
Starting RTL Elaboration : Time (s): cpu = 00:00:03 ; elapsed = 00:00:04 . Memory (MB): peak = 1300.309 ; gain = 440.656
---------------------------------------------------------------------------------
WARNING: [Synth 8-2551] possible infinite loop; process does not have a wait statement [C:/VivadoProjects/EEE_102_Project_Final_Demo/project_1/project_1.srcs/sources_1/new/seven_segment_display.vhd:50]
INFO: [Synth 8-638] synthesizing module 'alarm_main' [C:/VivadoProjects/EEE_102_Project_Final_Demo/project_1/project_1.srcs/sources_1/new/alarm_main.vhd:28]
INFO: [Synth 8-638] synthesizing module 'password_checker' [C:/VivadoProjects/EEE_102_Project_Final_Demo/project_1/project_1.srcs/sources_1/new/password_checker.vhd:29]
INFO: [Synth 8-638] synthesizing module 'PmodKYPD' [C:/VivadoProjects/EEE_102_Project_Final_Demo/project_1/project_1.srcs/sources_1/new/keypad2.vhd:18]
INFO: [Synth 8-638] synthesizing module 'Decoder' [C:/VivadoProjects/EEE_102_Project_Final_Demo/project_1/project_1.srcs/sources_1/new/keypad.vhd:15]
INFO: [Synth 8-256] done synthesizing module 'Decoder' (0#1) [C:/VivadoProjects/EEE_102_Project_Final_Demo/project_1/project_1.srcs/sources_1/new/keypad.vhd:15]
INFO: [Synth 8-638] synthesizing module 'DisplayController' [C:/VivadoProjects/EEE_102_Project_Final_Demo/project_1/project_1.srcs/sources_1/new/seven_segment_display.vhd:18]
WARNING: [Synth 8-614] signal 'reset' is read in the process but is not in the sensitivity list [C:/VivadoProjects/EEE_102_Project_Final_Demo/project_1/project_1.srcs/sources_1/new/seven_segment_display.vhd:26]
INFO: [Synth 8-638] synthesizing module 'clkdiv' [C:/VivadoProjects/EEE_102_Project_Final_Demo/project_1/project_1.srcs/sources_1/new/clock_divider.vhd:14]
INFO: [Synth 8-256] done synthesizing module 'clkdiv' (0#1) [C:/VivadoProjects/EEE_102_Project_Final_Demo/project_1/project_1.srcs/sources_1/new/clock_divider.vhd:14]
WARNING: [Synth 8-614] signal 'DispVal' is read in the process but is not in the sensitivity list [C:/VivadoProjects/EEE_102_Project_Final_Demo/project_1/project_1.srcs/sources_1/new/seven_segment_display.vhd:52]
WARNING: [Synth 8-614] signal 'dispVal0' is read in the process but is not in the sensitivity list [C:/VivadoProjects/EEE_102_Project_Final_Demo/project_1/project_1.srcs/sources_1/new/seven_segment_display.vhd:52]
WARNING: [Synth 8-614] signal 'dispVal1' is read in the process but is not in the sensitivity list [C:/VivadoProjects/EEE_102_Project_Final_Demo/project_1/project_1.srcs/sources_1/new/seven_segment_display.vhd:52]
WARNING: [Synth 8-614] signal 'dispVal2' is read in the process but is not in the sensitivity list [C:/VivadoProjects/EEE_102_Project_Final_Demo/project_1/project_1.srcs/sources_1/new/seven_segment_display.vhd:52]
INFO: [Synth 8-256] done synthesizing module 'DisplayController' (0#1) [C:/VivadoProjects/EEE_102_Project_Final_Demo/project_1/project_1.srcs/sources_1/new/seven_segment_display.vhd:18]
INFO: [Synth 8-256] done synthesizing module 'PmodKYPD' (0#1) [C:/VivadoProjects/EEE_102_Project_Final_Demo/project_1/project_1.srcs/sources_1/new/keypad2.vhd:18]
INFO: [Synth 8-638] synthesizing module 'fsm_top' [C:/VivadoProjects/EEE_102_Project_Final_Demo/project_1/project_1.srcs/sources_1/new/fsm_counter_top.vhd:14]
INFO: [Synth 8-638] synthesizing module 'FSM' [C:/VivadoProjects/EEE_102_Project_Final_Demo/project_1/project_1.srcs/sources_1/new/fsm_incorrect_password.vhd:16]
INFO: [Synth 8-256] done synthesizing module 'FSM' (0#1) [C:/VivadoProjects/EEE_102_Project_Final_Demo/project_1/project_1.srcs/sources_1/new/fsm_incorrect_password.vhd:16]
INFO: [Synth 8-638] synthesizing module 'ssd_counter' [C:/VivadoProjects/EEE_102_Project_Final_Demo/project_1/project_1.srcs/sources_1/new/ssd_counter.vhd:13]
INFO: [Synth 8-638] synthesizing module 'clock' [C:/VivadoProjects/EEE_102_Project_Final_Demo/project_1/project_1.srcs/sources_1/new/counter_10sec.vhd:18]
INFO: [Synth 8-256] done synthesizing module 'clock' (0#1) [C:/VivadoProjects/EEE_102_Project_Final_Demo/project_1/project_1.srcs/sources_1/new/counter_10sec.vhd:18]
INFO: [Synth 8-638] synthesizing module 'mux' [C:/VivadoProjects/EEE_102_Project_Final_Demo/project_1/project_1.srcs/sources_1/new/an_mux.vhd:19]
INFO: [Synth 8-226] default block is never used [C:/VivadoProjects/EEE_102_Project_Final_Demo/project_1/project_1.srcs/sources_1/new/an_mux.vhd:25]
WARNING: [Synth 8-614] signal 'incorrect_count' is read in the process but is not in the sensitivity list [C:/VivadoProjects/EEE_102_Project_Final_Demo/project_1/project_1.srcs/sources_1/new/an_mux.vhd:23]
WARNING: [Synth 8-614] signal 'num' is read in the process but is not in the sensitivity list [C:/VivadoProjects/EEE_102_Project_Final_Demo/project_1/project_1.srcs/sources_1/new/an_mux.vhd:23]
INFO: [Synth 8-638] synthesizing module 'cdecoder' [C:/VivadoProjects/EEE_102_Project_Final_Demo/project_1/project_1.srcs/sources_1/new/cat_decoder.vhd:12]
WARNING: [Synth 8-614] signal 'blank' is read in the process but is not in the sensitivity list [C:/VivadoProjects/EEE_102_Project_Final_Demo/project_1/project_1.srcs/sources_1/new/cat_decoder.vhd:14]
INFO: [Synth 8-256] done synthesizing module 'cdecoder' (0#1) [C:/VivadoProjects/EEE_102_Project_Final_Demo/project_1/project_1.srcs/sources_1/new/cat_decoder.vhd:12]
INFO: [Synth 8-256] done synthesizing module 'mux' (0#1) [C:/VivadoProjects/EEE_102_Project_Final_Demo/project_1/project_1.srcs/sources_1/new/an_mux.vhd:19]
INFO: [Synth 8-256] done synthesizing module 'ssd_counter' (0#1) [C:/VivadoProjects/EEE_102_Project_Final_Demo/project_1/project_1.srcs/sources_1/new/ssd_counter.vhd:13]
INFO: [Synth 8-256] done synthesizing module 'fsm_top' (0#1) [C:/VivadoProjects/EEE_102_Project_Final_Demo/project_1/project_1.srcs/sources_1/new/fsm_counter_top.vhd:14]
INFO: [Synth 8-638] synthesizing module 'motion_sensor' [C:/VivadoProjects/EEE_102_Project_Final_Demo/project_1/project_1.srcs/sources_1/new/motion_sensor.vhd:19]
INFO: [Synth 8-638] synthesizing module 'sistema_maxsonar' [C:/VivadoProjects/EEE_102_Project_Final_Demo/project_1/project_1.srcs/sources_1/new/distance.vhd:17]
INFO: [Synth 8-3491] module 'control_maxsonar' declared at 'C:/VivadoProjects/EEE_102_Project_Final_Demo/project_1/project_1.srcs/sources_1/new/ultrasonic_sensor_control.vhd:5' bound to instance 'Inst_control_maxsonar' of component 'control_maxsonar' [C:/VivadoProjects/EEE_102_Project_Final_Demo/project_1/project_1.srcs/sources_1/new/distance.vhd:60]
INFO: [Synth 8-638] synthesizing module 'control_maxsonar' [C:/VivadoProjects/EEE_102_Project_Final_Demo/project_1/project_1.srcs/sources_1/new/ultrasonic_sensor_control.vhd:16]
INFO: [Synth 8-256] done synthesizing module 'control_maxsonar' (0#1) [C:/VivadoProjects/EEE_102_Project_Final_Demo/project_1/project_1.srcs/sources_1/new/ultrasonic_sensor_control.vhd:16]
INFO: [Synth 8-3491] module 'bin2bcd' declared at 'C:/VivadoProjects/EEE_102_Project_Final_Demo/project_1/project_1.srcs/sources_1/new/bin_to_dec.vhd:6' bound to instance 'Inst_bin2bcd' of component 'bin2bcd' [C:/VivadoProjects/EEE_102_Project_Final_Demo/project_1/project_1.srcs/sources_1/new/distance.vhd:69]
INFO: [Synth 8-638] synthesizing module 'bin2bcd' [C:/VivadoProjects/EEE_102_Project_Final_Demo/project_1/project_1.srcs/sources_1/new/bin_to_dec.vhd:15]
INFO: [Synth 8-256] done synthesizing module 'bin2bcd' (0#1) [C:/VivadoProjects/EEE_102_Project_Final_Demo/project_1/project_1.srcs/sources_1/new/bin_to_dec.vhd:15]
INFO: [Synth 8-3491] module 'visu7seg' declared at 'C:/VivadoProjects/EEE_102_Project_Final_Demo/project_1/project_1.srcs/sources_1/new/distance_ssd.vhd:6' bound to instance 'Inst_visu7seg' of component 'visu7seg' [C:/VivadoProjects/EEE_102_Project_Final_Demo/project_1/project_1.srcs/sources_1/new/distance.vhd:78]
INFO: [Synth 8-638] synthesizing module 'visu7seg' [C:/VivadoProjects/EEE_102_Project_Final_Demo/project_1/project_1.srcs/sources_1/new/distance_ssd.vhd:17]
INFO: [Synth 8-226] default block is never used [C:/VivadoProjects/EEE_102_Project_Final_Demo/project_1/project_1.srcs/sources_1/new/distance_ssd.vhd:31]
INFO: [Synth 8-256] done synthesizing module 'visu7seg' (0#1) [C:/VivadoProjects/EEE_102_Project_Final_Demo/project_1/project_1.srcs/sources_1/new/distance_ssd.vhd:17]
INFO: [Synth 8-256] done synthesizing module 'sistema_maxsonar' (0#1) [C:/VivadoProjects/EEE_102_Project_Final_Demo/project_1/project_1.srcs/sources_1/new/distance.vhd:17]
INFO: [Synth 8-256] done synthesizing module 'motion_sensor' (0#1) [C:/VivadoProjects/EEE_102_Project_Final_Demo/project_1/project_1.srcs/sources_1/new/motion_sensor.vhd:19]
INFO: [Synth 8-256] done synthesizing module 'password_checker' (0#1) [C:/VivadoProjects/EEE_102_Project_Final_Demo/project_1/project_1.srcs/sources_1/new/password_checker.vhd:29]
INFO: [Synth 8-256] done synthesizing module 'alarm_main' (0#1) [C:/VivadoProjects/EEE_102_Project_Final_Demo/project_1/project_1.srcs/sources_1/new/alarm_main.vhd:28]
WARNING: [Synth 8-7129] Port clock in module mux is either unconnected or has no load
WARNING: [Synth 8-7129] Port reset in module mux is either unconnected or has no load
WARNING: [Synth 8-7129] Port num[15] in module mux is either unconnected or has no load
WARNING: [Synth 8-7129] Port num[14] in module mux is either unconnected or has no load
WARNING: [Synth 8-7129] Port num[13] in module mux is either unconnected or has no load
WARNING: [Synth 8-7129] Port num[12] in module mux is either unconnected or has no load
WARNING: [Synth 8-7129] Port sec in module mux is either unconnected or has no load
---------------------------------------------------------------------------------
Finished RTL Elaboration : Time (s): cpu = 00:00:05 ; elapsed = 00:00:05 . Memory (MB): peak = 1411.922 ; gain = 552.270
---------------------------------------------------------------------------------
---------------------------------------------------------------------------------
Start Handling Custom Attributes
---------------------------------------------------------------------------------
---------------------------------------------------------------------------------
Finished Handling Custom Attributes : Time (s): cpu = 00:00:05 ; elapsed = 00:00:05 . Memory (MB): peak = 1411.922 ; gain = 552.270
---------------------------------------------------------------------------------
---------------------------------------------------------------------------------
Finished RTL Optimization Phase 1 : Time (s): cpu = 00:00:05 ; elapsed = 00:00:05 . Memory (MB): peak = 1411.922 ; gain = 552.270
---------------------------------------------------------------------------------
Netlist sorting complete. Time (s): cpu = 00:00:00 ; elapsed = 00:00:00.005 . Memory (MB): peak = 1411.922 ; gain = 0.000
INFO: [Project 1-570] Preparing netlist for logic optimization

Processing XDC Constraints
Initializing timing engine
Parsing XDC File [C:/VivadoProjects/EEE_102_Project_Final_Demo/project_1/project_1.srcs/constrs_1/new/keypad.xdc]
WARNING: [Vivado 12-584] No ports matched 'is_entered'. [C:/VivadoProjects/EEE_102_Project_Final_Demo/project_1/project_1.srcs/constrs_1/new/keypad.xdc:5]
CRITICAL WARNING: [Common 17-55] 'set_property' expects at least one object. [C:/VivadoProjects/EEE_102_Project_Final_Demo/project_1/project_1.srcs/constrs_1/new/keypad.xdc:5]
Resolution: If [get_<value>] was used to populate the object, check to make sure this command returns at least one valid object.
WARNING: [Vivado 12-584] No ports matched 'is_entered'. [C:/VivadoProjects/EEE_102_Project_Final_Demo/project_1/project_1.srcs/constrs_1/new/keypad.xdc:6]
CRITICAL WARNING: [Common 17-55] 'set_property' expects at least one object. [C:/VivadoProjects/EEE_102_Project_Final_Demo/project_1/project_1.srcs/constrs_1/new/keypad.xdc:6]
Resolution: If [get_<value>] was used to populate the object, check to make sure this command returns at least one valid object.
WARNING: [Vivado 12-584] No ports matched 'is_k_reset'. [C:/VivadoProjects/EEE_102_Project_Final_Demo/project_1/project_1.srcs/constrs_1/new/keypad.xdc:7]
CRITICAL WARNING: [Common 17-55] 'set_property' expects at least one object. [C:/VivadoProjects/EEE_102_Project_Final_Demo/project_1/project_1.srcs/constrs_1/new/keypad.xdc:7]
Resolution: If [get_<value>] was used to populate the object, check to make sure this command returns at least one valid object.
WARNING: [Vivado 12-584] No ports matched 'is_k_reset'. [C:/VivadoProjects/EEE_102_Project_Final_Demo/project_1/project_1.srcs/constrs_1/new/keypad.xdc:8]
CRITICAL WARNING: [Common 17-55] 'set_property' expects at least one object. [C:/VivadoProjects/EEE_102_Project_Final_Demo/project_1/project_1.srcs/constrs_1/new/keypad.xdc:8]
Resolution: If [get_<value>] was used to populate the object, check to make sure this command returns at least one valid object.
Finished Parsing XDC File [C:/VivadoProjects/EEE_102_Project_Final_Demo/project_1/project_1.srcs/constrs_1/new/keypad.xdc]
INFO: [Project 1-236] Implementation specific constraints were found while reading constraint file [C:/VivadoProjects/EEE_102_Project_Final_Demo/project_1/project_1.srcs/constrs_1/new/keypad.xdc]. These constraints will be ignored for synthesis but will be used in implementation. Impacted constraints are listed in the file [.Xil/alarm_main_propImpl.xdc].
Resolution: To avoid this warning, move constraints listed in [.Xil/alarm_main_propImpl.xdc] to another XDC file and exclude this new file from synthesis with the used_in_synthesis property (File Properties dialog in GUI) and re-run elaboration/synthesis.
Completed Processing XDC Constraints

Netlist sorting complete. Time (s): cpu = 00:00:00 ; elapsed = 00:00:00 . Memory (MB): peak = 1473.527 ; gain = 0.000
INFO: [Project 1-111] Unisim Transformation Summary:
No Unisim elements were transformed.

Sistem belirtilen yolu bulamçyor.
Constraint Validation Runtime : Time (s): cpu = 00:00:00 ; elapsed = 00:00:00.003 . Memory (MB): peak = 1473.527 ; gain = 0.000
INFO: [Designutils 20-5440] No compile time benefit to using incremental synthesis; A full resynthesis will be run
INFO: [Designutils 20-4379] Flow is switching to default flow due to incremental criteria not met. If you would like to alter this behaviour and have the flow terminate instead, please set the following parameter config_implementation {autoIncr.Synth.RejectBehavior Terminate}
---------------------------------------------------------------------------------
Finished Constraint Validation : Time (s): cpu = 00:00:09 ; elapsed = 00:00:10 . Memory (MB): peak = 1473.527 ; gain = 613.875
---------------------------------------------------------------------------------
---------------------------------------------------------------------------------
Start Loading Part and Timing Information
---------------------------------------------------------------------------------
Loading part: xc7a35tcpg236-1
---------------------------------------------------------------------------------
Finished Loading Part and Timing Information : Time (s): cpu = 00:00:09 ; elapsed = 00:00:10 . Memory (MB): peak = 1473.527 ; gain = 613.875
---------------------------------------------------------------------------------
---------------------------------------------------------------------------------
Start Applying 'set_property' XDC Constraints
---------------------------------------------------------------------------------
---------------------------------------------------------------------------------
Finished applying 'set_property' XDC Constraints : Time (s): cpu = 00:00:09 ; elapsed = 00:00:10 . Memory (MB): peak = 1473.527 ; gain = 613.875
---------------------------------------------------------------------------------
INFO: [Synth 8-802] inferred FSM for state register 'current_state_reg' in module 'FSM'
INFO: [Synth 8-802] inferred FSM for state register 'P1.state_reg' in module 'bin2bcd'
---------------------------------------------------------------------------------------------------
                   State |                     New Encoding |                Previous Encoding 
---------------------------------------------------------------------------------------------------
                 state_0 |                              000 |                              000
                 state_1 |                              001 |                              001
                 state_2 |                              010 |                              010
            state_2_hold |                              011 |                              011
               wait_lock |                              100 |                              100
---------------------------------------------------------------------------------------------------
INFO: [Synth 8-3354] encoded FSM with state register 'current_state_reg' using encoding 'sequential' in module 'FSM'
WARNING: [Synth 8-327] inferring latch for variable 'reset_alarm_reg' [C:/VivadoProjects/EEE_102_Project_Final_Demo/project_1/project_1.srcs/sources_1/new/fsm_incorrect_password.vhd:41]
---------------------------------------------------------------------------------------------------
                   State |                     New Encoding |                Previous Encoding 
---------------------------------------------------------------------------------------------------
                    load |                             0001 |                               00
                 replace |                             0010 |                               01
                   compr |                             0100 |                               10
                   ready |                             1000 |                               11
---------------------------------------------------------------------------------------------------
INFO: [Synth 8-3354] encoded FSM with state register 'P1.state_reg' using encoding 'one-hot' in module 'bin2bcd'
---------------------------------------------------------------------------------
Finished RTL Optimization Phase 2 : Time (s): cpu = 00:00:10 ; elapsed = 00:00:11 . Memory (MB): peak = 1473.527 ; gain = 613.875
---------------------------------------------------------------------------------
---------------------------------------------------------------------------------
Start RTL Component Statistics 
---------------------------------------------------------------------------------
Detailed RTL Component Info : 
+---Adders : 
	   2 Input   20 Bit       Adders := 1     
	   2 Input   11 Bit       Adders := 2     
	   2 Input    4 Bit       Adders := 5     
+---Registers : 
	               20 Bit    Registers := 1     
	               16 Bit    Registers := 1     
	               13 Bit    Registers := 2     
	               11 Bit    Registers := 4     
	                8 Bit    Registers := 4     
	                4 Bit    Registers := 6     
	                1 Bit    Registers := 9     
+---Muxes : 
	   8 Input   20 Bit        Muxes := 1     
	   2 Input   20 Bit        Muxes := 1     
	   2 Input   16 Bit        Muxes := 2     
	   3 Input   16 Bit        Muxes := 2     
	   4 Input   13 Bit        Muxes := 1     
	   2 Input    8 Bit        Muxes := 2     
	  13 Input    8 Bit        Muxes := 1     
	   4 Input    8 Bit        Muxes := 1     
	   2 Input    7 Bit        Muxes := 1     
	  16 Input    7 Bit        Muxes := 1     
	   4 Input    7 Bit        Muxes := 1     
	   2 Input    6 Bit        Muxes := 1     
	   4 Input    4 Bit        Muxes := 7     
	   2 Input    4 Bit        Muxes := 4     
	   5 Input    4 Bit        Muxes := 1     
	   8 Input    3 Bit        Muxes := 1     
	   5 Input    3 Bit        Muxes := 1     
	   2 Input    3 Bit        Muxes := 7     
	   4 Input    2 Bit        Muxes := 1     
	   5 Input    2 Bit        Muxes := 1     
	   2 Input    1 Bit        Muxes := 10    
	   4 Input    1 Bit        Muxes := 3     
	   5 Input    1 Bit        Muxes := 3     
	   3 Input    1 Bit        Muxes := 1     
---------------------------------------------------------------------------------
Finished RTL Component Statistics 
---------------------------------------------------------------------------------
---------------------------------------------------------------------------------
Start Part Resource Summary
---------------------------------------------------------------------------------
Part Resources:
DSPs: 90 (col length:60)
BRAMs: 100 (col length: RAMB18 60 RAMB36 30)
---------------------------------------------------------------------------------
Finished Part Resource Summary
---------------------------------------------------------------------------------
---------------------------------------------------------------------------------
Start Cross Boundary and Area Optimization
---------------------------------------------------------------------------------
WARNING: [Synth 8-7080] Parallel synthesis criteria is not met
---------------------------------------------------------------------------------
Finished Cross Boundary and Area Optimization : Time (s): cpu = 00:00:12 ; elapsed = 00:00:13 . Memory (MB): peak = 1473.527 ; gain = 613.875
---------------------------------------------------------------------------------
---------------------------------------------------------------------------------
Start ROM, RAM, DSP, Shift Register and Retiming Reporting
---------------------------------------------------------------------------------

ROM: Preliminary Mapping Report
+------------+--------------------------------------------------------------------------------+---------------+----------------+
|Module Name | RTL Object                                                                     | Depth x Width | Implemented As | 
+------------+--------------------------------------------------------------------------------+---------------+----------------+
|cdecoder    | cathode                                                                        | 32x7          | LUT            | 
|alarm_main  | password_checker_inst/incorrect_password/ssd_count/four_to_one_mux/led/cathode | 32x7          | LUT            | 
+------------+--------------------------------------------------------------------------------+---------------+----------------+

---------------------------------------------------------------------------------
Finished ROM, RAM, DSP, Shift Register and Retiming Reporting
---------------------------------------------------------------------------------
---------------------------------------------------------------------------------
Start Applying XDC Timing Constraints
---------------------------------------------------------------------------------
---------------------------------------------------------------------------------
Finished Applying XDC Timing Constraints : Time (s): cpu = 00:00:15 ; elapsed = 00:00:17 . Memory (MB): peak = 1473.527 ; gain = 613.875
---------------------------------------------------------------------------------
---------------------------------------------------------------------------------
Start Timing Optimization
---------------------------------------------------------------------------------
---------------------------------------------------------------------------------
Finished Timing Optimization : Time (s): cpu = 00:00:16 ; elapsed = 00:00:17 . Memory (MB): peak = 1473.527 ; gain = 613.875
---------------------------------------------------------------------------------
---------------------------------------------------------------------------------
Start Technology Mapping
---------------------------------------------------------------------------------
---------------------------------------------------------------------------------
Finished Technology Mapping : Time (s): cpu = 00:00:16 ; elapsed = 00:00:18 . Memory (MB): peak = 1473.527 ; gain = 613.875
---------------------------------------------------------------------------------
---------------------------------------------------------------------------------
Start IO Insertion
---------------------------------------------------------------------------------
---------------------------------------------------------------------------------
Start Flattening Before IO Insertion
---------------------------------------------------------------------------------
---------------------------------------------------------------------------------
Finished Flattening Before IO Insertion
---------------------------------------------------------------------------------
---------------------------------------------------------------------------------
Start Final Netlist Cleanup
---------------------------------------------------------------------------------
---------------------------------------------------------------------------------
Finished Final Netlist Cleanup
---------------------------------------------------------------------------------
---------------------------------------------------------------------------------
Finished IO Insertion : Time (s): cpu = 00:00:19 ; elapsed = 00:00:20 . Memory (MB): peak = 1473.527 ; gain = 613.875
---------------------------------------------------------------------------------
---------------------------------------------------------------------------------
Start Renaming Generated Instances
---------------------------------------------------------------------------------
---------------------------------------------------------------------------------
Finished Renaming Generated Instances : Time (s): cpu = 00:00:19 ; elapsed = 00:00:20 . Memory (MB): peak = 1473.527 ; gain = 613.875
---------------------------------------------------------------------------------
---------------------------------------------------------------------------------
Start Rebuilding User Hierarchy
---------------------------------------------------------------------------------
---------------------------------------------------------------------------------
Finished Rebuilding User Hierarchy : Time (s): cpu = 00:00:19 ; elapsed = 00:00:20 . Memory (MB): peak = 1473.527 ; gain = 613.875
---------------------------------------------------------------------------------
---------------------------------------------------------------------------------
Start Renaming Generated Ports
---------------------------------------------------------------------------------
---------------------------------------------------------------------------------
Finished Renaming Generated Ports : Time (s): cpu = 00:00:19 ; elapsed = 00:00:20 . Memory (MB): peak = 1473.527 ; gain = 613.875
---------------------------------------------------------------------------------
---------------------------------------------------------------------------------
Start Handling Custom Attributes
---------------------------------------------------------------------------------
---------------------------------------------------------------------------------
Finished Handling Custom Attributes : Time (s): cpu = 00:00:19 ; elapsed = 00:00:20 . Memory (MB): peak = 1473.527 ; gain = 613.875
---------------------------------------------------------------------------------
---------------------------------------------------------------------------------
Start Renaming Generated Nets
---------------------------------------------------------------------------------
---------------------------------------------------------------------------------
Finished Renaming Generated Nets : Time (s): cpu = 00:00:19 ; elapsed = 00:00:20 . Memory (MB): peak = 1473.527 ; gain = 613.875
---------------------------------------------------------------------------------
---------------------------------------------------------------------------------
Start Writing Synthesis Report
---------------------------------------------------------------------------------

Report BlackBoxes: 
+-+--------------+----------+
| |BlackBox name |Instances |
+-+--------------+----------+
+-+--------------+----------+

Report Cell Usage: 
+------+-------+------+
|      |Cell   |Count |
+------+-------+------+
|1     |BUFG   |     1|
|2     |CARRY4 |    33|
|3     |LUT1   |    10|
|4     |LUT2   |    56|
|5     |LUT3   |    26|
|6     |LUT4   |    52|
|7     |LUT5   |    69|
|8     |LUT6   |    99|
|9     |FDCE   |    66|
|10    |FDPE   |    25|
|11    |FDRE   |   183|
|12    |FDSE   |     2|
|13    |LD     |     1|
|14    |IBUF   |    13|
|15    |OBUF   |    20|
+------+-------+------+
---------------------------------------------------------------------------------
Finished Writing Synthesis Report : Time (s): cpu = 00:00:19 ; elapsed = 00:00:20 . Memory (MB): peak = 1473.527 ; gain = 613.875
---------------------------------------------------------------------------------
Synthesis finished with 0 errors, 0 critical warnings and 2 warnings.
Synthesis Optimization Runtime : Time (s): cpu = 00:00:13 ; elapsed = 00:00:19 . Memory (MB): peak = 1473.527 ; gain = 552.270
Synthesis Optimization Complete : Time (s): cpu = 00:00:19 ; elapsed = 00:00:20 . Memory (MB): peak = 1473.527 ; gain = 613.875
INFO: [Project 1-571] Translating synthesized netlist
Netlist sorting complete. Time (s): cpu = 00:00:00 ; elapsed = 00:00:00.004 . Memory (MB): peak = 1473.527 ; gain = 0.000
INFO: [Netlist 29-17] Analyzing 34 Unisim elements for replacement
INFO: [Netlist 29-28] Unisim Transformation completed in 0 CPU seconds
INFO: [Project 1-570] Preparing netlist for logic optimization
INFO: [Opt 31-138] Pushed 0 inverter(s) to 0 load pin(s).
Netlist sorting complete. Time (s): cpu = 00:00:00 ; elapsed = 00:00:00 . Memory (MB): peak = 1473.527 ; gain = 0.000
INFO: [Project 1-111] Unisim Transformation Summary:
  A total of 1 instances were transformed.
  LD => LDCE: 1 instance 

Sistem belirtilen yolu bulamçyor.
Synth Design complete | Checksum: 487bf5fb
INFO: [Common 17-83] Releasing license: Synthesis
64 Infos, 22 Warnings, 4 Critical Warnings and 0 Errors encountered.
synth_design completed successfully
synth_design: Time (s): cpu = 00:00:22 ; elapsed = 00:00:31 . Memory (MB): peak = 1473.527 ; gain = 1005.000
INFO: [runtcl-6] Synthesis results are not added to the cache due to CRITICAL_WARNING
Write ShapeDB Complete: Time (s): cpu = 00:00:00 ; elapsed = 00:00:00.002 . Memory (MB): peak = 1473.527 ; gain = 0.000
INFO: [Common 17-1381] The checkpoint 'C:/VivadoProjects/EEE_102_Project_Final_Demo/project_1/project_1.runs/synth_1/alarm_main.dcp' has been generated.
INFO: [runtcl-4] Executing : report_utilization -file alarm_main_utilization_synth.rpt -pb alarm_main_utilization_synth.pb
INFO: [Common 17-206] Exiting Vivado at Sat Dec 28 13:59:20 2024...
